 reg0:   reg1:   reg2:   reg3:   zero:    line: bin:          assembler:
[0x0000, 0x0000, 0x0000, 0x0000] z: 0  |  000:  0002 1ea9  |  move r0 0xa91e
[0xa91e, 0x0000, 0x0000, 0x0000] z: 0  |  001:  0012 e542  |  move r1 0x42e5
[0xa91e, 0x42e5, 0x0000, 0x0000] z: 0  |  002:  0022 c5f0  |  move r2 0xf0c5
[0xa91e, 0x42e5, 0xf0c5, 0x0000] z: 0  |  003:  0032 e76f  |  move r3 0x6fe7
[0xa91e, 0x42e5, 0xf0c5, 0x6fe7] z: 0  |  004:  0183       |  or   r0 r2
[0xf9df, 0x42e5, 0xf0c5, 0x6fe7] z: 0  |  005:  0902 0200  |  shr  r0 0x0002
[0x3e77, 0x42e5, 0xf0c5, 0x6fe7] z: 0  |  006:  0522 db8b  |  add  r2 0x8bdb
[0x3e77, 0x42e5, 0x7ca0, 0x6fe7] z: 0  |  007:  0002 cef2  |  move r0 0xf2ce
[0xf2ce, 0x42e5, 0x7ca0, 0x6fe7] z: 0  |  008:  0013       |  move r1 r0
[0xf2ce, 0xf2ce, 0x7ca0, 0x6fe7] z: 0  |  009:  0683       |  sub  r0 r2
[0x762e, 0xf2ce, 0x7ca0, 0x6fe7] z: 0  |  010:  00b3       |  move r3 r2
[0x762e, 0xf2ce, 0x7ca0, 0x7ca0] z: 0  |  011:  0773       |  mult r3 r1
[0x762e, 0xf2ce, 0x7ca0, 0x88c0] z: 0  |  012:  0232 7b09  |  xor  r3 0x097b
[0x762e, 0xf2ce, 0x7ca0, 0x81bb] z: 0  |  013:  02b3       |  xor  r3 r2
[0x762e, 0xf2ce, 0x7ca0, 0xfd1b] z: 0  |  014:  0032 0a00  |  move r3 0x000a
[0x762e, 0xf2ce, 0x7ca0, 0x000a] z: 0  |  015:  0753       |  mult r1 r1
[0x762e, 0x1dc4, 0x7ca0, 0x000a] z: 0  |  016:  0663       |  sub  r2 r1
[0x762e, 0x1dc4, 0x5edc, 0x000a] z: 0  |  017:  0663       |  sub  r2 r1
[0x762e, 0x1dc4, 0x4118, 0x000a] z: 0  |  018:  0b31       |  dec  r3 
[0x762e, 0x1dc4, 0x4118, 0x0009] z: 0  |  019:  0f00 1000  |  jnz  0x0010
[0x762e, 0x1dc4, 0x4118, 0x0009] z: 0  |  016:  0663       |  sub  r2 r1
[0x762e, 0x1dc4, 0x2354, 0x0009] z: 0  |  017:  0663       |  sub  r2 r1
[0x762e, 0x1dc4, 0x0590, 0x0009] z: 0  |  018:  0b31       |  dec  r3 
[0x762e, 0x1dc4, 0x0590, 0x0008] z: 0  |  019:  0f00 1000  |  jnz  0x0010
[0x762e, 0x1dc4, 0x0590, 0x0008] z: 0  |  016:  0663       |  sub  r2 r1
[0x762e, 0x1dc4, 0xe7cc, 0x0008] z: 0  |  017:  0663       |  sub  r2 r1
[0x762e, 0x1dc4, 0xca08, 0x0008] z: 0  |  018:  0b31       |  dec  r3 
[0x762e, 0x1dc4, 0xca08, 0x0007] z: 0  |  019:  0f00 1000  |  jnz  0x0010
[0x762e, 0x1dc4, 0xca08, 0x0007] z: 0  |  016:  0663       |  sub  r2 r1
[0x762e, 0x1dc4, 0xac44, 0x0007] z: 0  |  017:  0663       |  sub  r2 r1
[0x762e, 0x1dc4, 0x8e80, 0x0007] z: 0  |  018:  0b31       |  dec  r3 
[0x762e, 0x1dc4, 0x8e80, 0x0006] z: 0  |  019:  0f00 1000  |  jnz  0x0010
[0x762e, 0x1dc4, 0x8e80, 0x0006] z: 0  |  016:  0663       |  sub  r2 r1
[0x762e, 0x1dc4, 0x70bc, 0x0006] z: 0  |  017:  0663       |  sub  r2 r1
[0x762e, 0x1dc4, 0x52f8, 0x0006] z: 0  |  018:  0b31       |  dec  r3 
[0x762e, 0x1dc4, 0x52f8, 0x0005] z: 0  |  019:  0f00 1000  |  jnz  0x0010
[0x762e, 0x1dc4, 0x52f8, 0x0005] z: 0  |  016:  0663       |  sub  r2 r1
[0x762e, 0x1dc4, 0x3534, 0x0005] z: 0  |  017:  0663       |  sub  r2 r1
[0x762e, 0x1dc4, 0x1770, 0x0005] z: 0  |  018:  0b31       |  dec  r3 
[0x762e, 0x1dc4, 0x1770, 0x0004] z: 0  |  019:  0f00 1000  |  jnz  0x0010
[0x762e, 0x1dc4, 0x1770, 0x0004] z: 0  |  016:  0663       |  sub  r2 r1
[0x762e, 0x1dc4, 0xf9ac, 0x0004] z: 0  |  017:  0663       |  sub  r2 r1
[0x762e, 0x1dc4, 0xdbe8, 0x0004] z: 0  |  018:  0b31       |  dec  r3 
[0x762e, 0x1dc4, 0xdbe8, 0x0003] z: 0  |  019:  0f00 1000  |  jnz  0x0010
[0x762e, 0x1dc4, 0xdbe8, 0x0003] z: 0  |  016:  0663       |  sub  r2 r1
[0x762e, 0x1dc4, 0xbe24, 0x0003] z: 0  |  017:  0663       |  sub  r2 r1
[0x762e, 0x1dc4, 0xa060, 0x0003] z: 0  |  018:  0b31       |  dec  r3 
[0x762e, 0x1dc4, 0xa060, 0x0002] z: 0  |  019:  0f00 1000  |  jnz  0x0010
[0x762e, 0x1dc4, 0xa060, 0x0002] z: 0  |  016:  0663       |  sub  r2 r1
[0x762e, 0x1dc4, 0x829c, 0x0002] z: 0  |  017:  0663       |  sub  r2 r1
[0x762e, 0x1dc4, 0x64d8, 0x0002] z: 0  |  018:  0b31       |  dec  r3 
[0x762e, 0x1dc4, 0x64d8, 0x0001] z: 0  |  019:  0f00 1000  |  jnz  0x0010
[0x762e, 0x1dc4, 0x64d8, 0x0001] z: 0  |  016:  0663       |  sub  r2 r1
[0x762e, 0x1dc4, 0x4714, 0x0001] z: 0  |  017:  0663       |  sub  r2 r1
[0x762e, 0x1dc4, 0x2950, 0x0001] z: 0  |  018:  0b31       |  dec  r3 
[0x762e, 0x1dc4, 0x2950, 0x0000] z: 1  |  019:  0f00 1000  |  jnz  0x0010
[0x762e, 0x1dc4, 0x2950, 0x0000] z: 1  |  020:  0832 0400  |  shl  r3 0x0004
[0x762e, 0x1dc4, 0x2950, 0x0000] z: 1  |  021:  0132 2a49  |  or   r3 0x492a
[0x762e, 0x1dc4, 0x2950, 0x492a] z: 0  |  022:  06d3       |  sub  r1 r3
[0x762e, 0xd49a, 0x2950, 0x492a] z: 0  |  023:  0033       |  move r3 r0
[0x762e, 0xd49a, 0x2950, 0x762e] z: 0  |  024:  0232 f59d  |  xor  r3 0x9df5
[0x762e, 0xd49a, 0x2950, 0xebdb] z: 0  |  025:  0202 4817  |  xor  r0 0x1748
[0x6166, 0xd49a, 0x2950, 0xebdb] z: 0  |  026:  0232 9a29  |  xor  r3 0x299a
[0x6166, 0xd49a, 0x2950, 0xc241] z: 0  |  027:  0663       |  sub  r2 r1
[0x6166, 0xd49a, 0x54b6, 0xc241] z: 0  |  028:  0503       |  add  r0 r0
[0xc2cc, 0xd49a, 0x54b6, 0xc241] z: 0  |  029:  06b3       |  sub  r3 r2
[0xc2cc, 0xd49a, 0x54b6, 0x6d8b] z: 0  |  030:  0723       |  mult r2 r0
[0xc2cc, 0xd49a, 0x6d08, 0x6d8b] z: 0  |  031:  0912 0400  |  shr  r1 0x0004
[0xc2cc, 0x0d49, 0x6d08, 0x6d8b] z: 0  |  032:  0522 5679  |  add  r2 0x7956
[0xc2cc, 0x0d49, 0xe65e, 0x6d8b] z: 0  |  033:  0583       |  add  r0 r2
[0xa92a, 0x0d49, 0xe65e, 0x6d8b] z: 0  |  034:  02b3       |  xor  r3 r2
[0xa92a, 0x0d49, 0xe65e, 0x8bd5] z: 0  |  035:  02b3       |  xor  r3 r2
[0xa92a, 0x0d49, 0xe65e, 0x6d8b] z: 0  |  036:  0421       |  neg  r2 
[0xa92a, 0x0d49, 0x19a1, 0x6d8b] z: 0  |  037:  07c3       |  mult r0 r3
[0xbbce, 0x0d49, 0x19a1, 0x6d8b] z: 0  |  038:  0032 f433  |  move r3 0x33f4
[0xbbce, 0x0d49, 0x19a1, 0x33f4] z: 0  |  039:  06a3       |  sub  r2 r2
[0xbbce, 0x0d49, 0x0000, 0x33f4] z: 1  |  040:  0532 9070  |  add  r3 0x7090
[0xbbce, 0x0d49, 0x0000, 0xa484] z: 0  |  041:  0322 abb9  |  and  r2 0xb9ab
[0xbbce, 0x0d49, 0x0000, 0xa484] z: 1  |  042:  0273       |  xor  r3 r1
[0xbbce, 0x0d49, 0x0000, 0xa9cd] z: 0  |  043:  0922 0500  |  shr  r2 0x0005
[0xbbce, 0x0d49, 0x0000, 0xa9cd] z: 1  |  044:  0732 3b04  |  mult r3 0x043b
[0xbbce, 0x0d49, 0x0000, 0x563f] z: 0  |  045:  0622 fcf5  |  sub  r2 0xf5fc
[0xbbce, 0x0d49, 0x0a04, 0x563f] z: 0  |  046:  0522 bcd3  |  add  r2 0xd3bc
[0xbbce, 0x0d49, 0xddc0, 0x563f] z: 0  |  047:  0502 3eca  |  add  r0 0xca3e
[0x860c, 0x0d49, 0xddc0, 0x563f] z: 0  |  048:  0602 4ff3  |  sub  r0 0xf34f
[0x92bd, 0x0d49, 0xddc0, 0x563f] z: 0  |  049:  0431       |  neg  r3 
[0x92bd, 0x0d49, 0xddc0, 0xa9c0]

reg0=92bd&reg1=0d49&reg2=ddc0&reg3=a9c0