 reg0:   reg1:   reg2:   reg3:   zero:    line: bin:          assembler:
[0x0000, 0x0000, 0x0000, 0x0000] z: 0  |  000:  0002 3dc9  |  move r0 0xc93d
[0xc93d, 0x0000, 0x0000, 0x0000] z: 0  |  001:  0012 8749  |  move r1 0x4987
[0xc93d, 0x4987, 0x0000, 0x0000] z: 0  |  002:  0022 5778  |  move r2 0x7857
[0xc93d, 0x4987, 0x7857, 0x0000] z: 0  |  003:  0032 fff4  |  move r3 0xf4ff
[0xc93d, 0x4987, 0x7857, 0xf4ff] z: 0  |  004:  05b3       |  add  r3 r2
[0xc93d, 0x4987, 0x7857, 0x6d56] z: 0  |  005:  0763       |  mult r2 r1
[0xc93d, 0x4987, 0x44e1, 0x6d56] z: 0  |  006:  0332 9be9  |  and  r3 0xe99b
[0xc93d, 0x4987, 0x44e1, 0x6912] z: 0  |  007:  05b3       |  add  r3 r2
[0xc93d, 0x4987, 0x44e1, 0xadf3] z: 0  |  008:  0912 0300  |  shr  r1 0x0003
[0xc93d, 0x0930, 0x44e1, 0xadf3] z: 0  |  009:  0102 a457  |  or   r0 0x57a4
[0xdfbd, 0x0930, 0x44e1, 0xadf3] z: 0  |  010:  0822 0700  |  shl  r2 0x0007
[0xdfbd, 0x0930, 0x7080, 0xadf3] z: 0  |  011:  02d3       |  xor  r1 r3
[0xdfbd, 0xa4c3, 0x7080, 0xadf3] z: 0  |  012:  0232 1d93  |  xor  r3 0x931d
[0xdfbd, 0xa4c3, 0x7080, 0x3eee] z: 0  |  013:  0583       |  add  r0 r2
[0x503d, 0xa4c3, 0x7080, 0x3eee] z: 0  |  014:  0032 0a00  |  move r3 0x000a
[0x503d, 0xa4c3, 0x7080, 0x000a] z: 0  |  015:  0712 95f3  |  mult r1 0xf395
[0x503d, 0xfe7f, 0x7080, 0x000a] z: 0  |  016:  0712 7c15  |  mult r1 0x157c
[0x503d, 0xb084, 0x7080, 0x000a] z: 0  |  017:  0213       |  xor  r1 r0
[0x503d, 0xe0b9, 0x7080, 0x000a] z: 0  |  018:  0b31       |  dec  r3 
[0x503d, 0xe0b9, 0x7080, 0x0009] z: 0  |  019:  0f00 1000  |  jnz  0x0010
[0x503d, 0xe0b9, 0x7080, 0x0009] z: 0  |  016:  0712 7c15  |  mult r1 0x157c
[0x503d, 0x069c, 0x7080, 0x0009] z: 0  |  017:  0213       |  xor  r1 r0
[0x503d, 0x56a1, 0x7080, 0x0009] z: 0  |  018:  0b31       |  dec  r3 
[0x503d, 0x56a1, 0x7080, 0x0008] z: 0  |  019:  0f00 1000  |  jnz  0x0010
[0x503d, 0x56a1, 0x7080, 0x0008] z: 0  |  016:  0712 7c15  |  mult r1 0x157c
[0x503d, 0x2afc, 0x7080, 0x0008] z: 0  |  017:  0213       |  xor  r1 r0
[0x503d, 0x7ac1, 0x7080, 0x0008] z: 0  |  018:  0b31       |  dec  r3 
[0x503d, 0x7ac1, 0x7080, 0x0007] z: 0  |  019:  0f00 1000  |  jnz  0x0010
[0x503d, 0x7ac1, 0x7080, 0x0007] z: 0  |  016:  0712 7c15  |  mult r1 0x157c
[0x503d, 0x4a7c, 0x7080, 0x0007] z: 0  |  017:  0213       |  xor  r1 r0
[0x503d, 0x1a41, 0x7080, 0x0007] z: 0  |  018:  0b31       |  dec  r3 
[0x503d, 0x1a41, 0x7080, 0x0006] z: 0  |  019:  0f00 1000  |  jnz  0x0010
[0x503d, 0x1a41, 0x7080, 0x0006] z: 0  |  016:  0712 7c15  |  mult r1 0x157c
[0x503d, 0x0c7c, 0x7080, 0x0006] z: 0  |  017:  0213       |  xor  r1 r0
[0x503d, 0x5c41, 0x7080, 0x0006] z: 0  |  018:  0b31       |  dec  r3 
[0x503d, 0x5c41, 0x7080, 0x0005] z: 0  |  019:  0f00 1000  |  jnz  0x0010
[0x503d, 0x5c41, 0x7080, 0x0005] z: 0  |  016:  0712 7c15  |  mult r1 0x157c
[0x503d, 0x047c, 0x7080, 0x0005] z: 0  |  017:  0213       |  xor  r1 r0
[0x503d, 0x5441, 0x7080, 0x0005] z: 0  |  018:  0b31       |  dec  r3 
[0x503d, 0x5441, 0x7080, 0x0004] z: 0  |  019:  0f00 1000  |  jnz  0x0010
[0x503d, 0x5441, 0x7080, 0x0004] z: 0  |  016:  0712 7c15  |  mult r1 0x157c
[0x503d, 0x247c, 0x7080, 0x0004] z: 0  |  017:  0213       |  xor  r1 r0
[0x503d, 0x7441, 0x7080, 0x0004] z: 0  |  018:  0b31       |  dec  r3 
[0x503d, 0x7441, 0x7080, 0x0003] z: 0  |  019:  0f00 1000  |  jnz  0x0010
[0x503d, 0x7441, 0x7080, 0x0003] z: 0  |  016:  0712 7c15  |  mult r1 0x157c
[0x503d, 0xa47c, 0x7080, 0x0003] z: 0  |  017:  0213       |  xor  r1 r0
[0x503d, 0xf441, 0x7080, 0x0003] z: 0  |  018:  0b31       |  dec  r3 
[0x503d, 0xf441, 0x7080, 0x0002] z: 0  |  019:  0f00 1000  |  jnz  0x0010
[0x503d, 0xf441, 0x7080, 0x0002] z: 0  |  016:  0712 7c15  |  mult r1 0x157c
[0x503d, 0xa47c, 0x7080, 0x0002] z: 0  |  017:  0213       |  xor  r1 r0
[0x503d, 0xf441, 0x7080, 0x0002] z: 0  |  018:  0b31       |  dec  r3 
[0x503d, 0xf441, 0x7080, 0x0001] z: 0  |  019:  0f00 1000  |  jnz  0x0010
[0x503d, 0xf441, 0x7080, 0x0001] z: 0  |  016:  0712 7c15  |  mult r1 0x157c
[0x503d, 0xa47c, 0x7080, 0x0001] z: 0  |  017:  0213       |  xor  r1 r0
[0x503d, 0xf441, 0x7080, 0x0001] z: 0  |  018:  0b31       |  dec  r3 
[0x503d, 0xf441, 0x7080, 0x0000] z: 1  |  019:  0f00 1000  |  jnz  0x0010
[0x503d, 0xf441, 0x7080, 0x0000] z: 1  |  020:  06b3       |  sub  r3 r2
[0x503d, 0xf441, 0x7080, 0x8f80] z: 0  |  021:  0583       |  add  r0 r2
[0xc0bd, 0xf441, 0x7080, 0x8f80] z: 0  |  022:  01c3       |  or   r0 r3
[0xcfbd, 0xf441, 0x7080, 0x8f80] z: 0  |  023:  0323       |  and  r2 r0
[0xcfbd, 0xf441, 0x4080, 0x8f80] z: 0  |  024:  0012 9b5f  |  move r1 0x5f9b
[0xcfbd, 0x5f9b, 0x4080, 0x8f80] z: 0  |  025:  0593       |  add  r1 r2
[0xcfbd, 0xa01b, 0x4080, 0x8f80] z: 0  |  026:  0203       |  xor  r0 r0
[0x0000, 0xa01b, 0x4080, 0x8f80] z: 1  |  027:  0693       |  sub  r1 r2
[0x0000, 0x5f9b, 0x4080, 0x8f80] z: 0  |  028:  0622 8a34  |  sub  r2 0x348a
[0x0000, 0x5f9b, 0x0bf6, 0x8f80] z: 0  |  029:  0411       |  neg  r1 
[0x0000, 0xa064, 0x0bf6, 0x8f80] z: 0  |  030:  0932 0700  |  shr  r3 0x0007
[0x0000, 0xa064, 0x0bf6, 0x011f] z: 0  |  031:  0532 456c  |  add  r3 0x6c45
[0x0000, 0xa064, 0x0bf6, 0x6d64] z: 0  |  032:  0802 0700  |  shl  r0 0x0007
[0x0000, 0xa064, 0x0bf6, 0x6d64] z: 1  |  033:  0212 7f1b  |  xor  r1 0x1b7f
[0x0000, 0xbb1b, 0x0bf6, 0x6d64] z: 0  |  034:  0832 0300  |  shl  r3 0x0003
[0x0000, 0xbb1b, 0x0bf6, 0x6b20] z: 0  |  035:  0133       |  or   r3 r0
[0x0000, 0xbb1b, 0x0bf6, 0x6b20] z: 0  |  036:  0002 e21f  |  move r0 0x1fe2
[0x1fe2, 0xbb1b, 0x0bf6, 0x6b20] z: 0  |  037:  0812 0200  |  shl  r1 0x0002
[0x1fe2, 0xec6c, 0x0bf6, 0x6b20] z: 0  |  038:  0722 e96f  |  mult r2 0x6fe9
[0x1fe2, 0xec6c, 0x8ce6, 0x6b20] z: 0  |  039:  00d3       |  move r1 r3
[0x1fe2, 0x6b20, 0x8ce6, 0x6b20] z: 0  |  040:  06f3       |  sub  r3 r3
[0x1fe2, 0x6b20, 0x8ce6, 0x0000] z: 1  |  041:  02a3       |  xor  r2 r2
[0x1fe2, 0x6b20, 0x0000, 0x0000] z: 1  |  042:  0401       |  neg  r0 
[0xe01d, 0x6b20, 0x0000, 0x0000] z: 0  |  043:  0932 0600  |  shr  r3 0x0006
[0xe01d, 0x6b20, 0x0000, 0x0000] z: 1  |  044:  0303       |  and  r0 r0
[0xe01d, 0x6b20, 0x0000, 0x0000] z: 0  |  045:  00c3       |  move r0 r3
[0x0000, 0x6b20, 0x0000, 0x0000] z: 1  |  046:  0503       |  add  r0 r0
[0x0000, 0x6b20, 0x0000, 0x0000] z: 1  |  047:  0812 0700  |  shl  r1 0x0007
[0x0000, 0x9000, 0x0000, 0x0000] z: 0  |  048:  0112 eb43  |  or   r1 0x43eb
[0x0000, 0xd3eb, 0x0000, 0x0000] z: 0  |  049:  0503       |  add  r0 r0
[0x0000, 0xd3eb, 0x0000, 0x0000]

reg0=0000&reg1=d3eb&reg2=0000&reg3=0000