 reg0:   reg1:   reg2:   reg3:   zero:    line: bin:          assembler:
[0x0000, 0x0000, 0x0000, 0x0000] z: 0  |  000:  0002 f346  |  move r0, 0x46f3
[0x46f3, 0x0000, 0x0000, 0x0000] z: 0  |  001:  0012 bbd5  |  move r1, 0xd5bb
[0x46f3, 0xd5bb, 0x0000, 0x0000] z: 0  |  002:  0022 ae8d  |  move r2, 0x8dae
[0x46f3, 0xd5bb, 0x8dae, 0x0000] z: 0  |  003:  0032 7469  |  move r3, 0x6974
[0x46f3, 0xd5bb, 0x8dae, 0x6974] z: 0  |  004:  0512 d61b  |  add  r1, 0x1bd6
[0x46f3, 0xf191, 0x8dae, 0x6974] z: 0  |  005:  02c3       |  xor  r0, r3
[0x2f87, 0xf191, 0x8dae, 0x6974] z: 0  |  006:  01d3       |  or   r1, r3
[0x2f87, 0xf9f5, 0x8dae, 0x6974] z: 0  |  007:  0732 621c  |  mult r3, 0x1c62
[0x2f87, 0xf9f5, 0x8dae, 0x0e68] z: 0  |  008:  0623       |  sub  r2, r0
[0x2f87, 0xf9f5, 0x5e27, 0x0e68] z: 0  |  009:  0632 0850  |  sub  r3, 0x5008
[0x2f87, 0xf9f5, 0x5e27, 0xbe60] z: 0  |  010:  0902 0500  |  shr  r0, 0x0005
[0x017c, 0xf9f5, 0x5e27, 0xbe60] z: 0  |  011:  0512 0e8e  |  add  r1, 0x8e0e
[0x017c, 0x8803, 0x5e27, 0xbe60] z: 0  |  012:  0032 09de  |  move r3, 0xde09
[0x017c, 0x8803, 0x5e27, 0xde09] z: 0  |  013:  06f3       |  sub  r3, r3
[0x017c, 0x8803, 0x5e27, 0x0000] z: 1  |  014:  0032 0a00  |  move r3, 0x000a
[0x017c, 0x8803, 0x5e27, 0x000a] z: 0  |  015:  0013       |  move r1, r0
[0x017c, 0x017c, 0x5e27, 0x000a] z: 0  |  016:  0622 920b  |  sub  r2, 0x0b92
[0x017c, 0x017c, 0x5295, 0x000a] z: 0  |  017:  0612 cd6d  |  sub  r1, 0x6dcd
[0x017c, 0x93af, 0x5295, 0x000a] z: 0  |  018:  0b31       |  dec  r3
[0x017c, 0x93af, 0x5295, 0x0009] z: 0  |  019:  0f00 1000  |  jnz  0x0010
[0x017c, 0x93af, 0x5295, 0x0009] z: 0  |  016:  0622 920b  |  sub  r2, 0x0b92
[0x017c, 0x93af, 0x4703, 0x0009] z: 0  |  017:  0612 cd6d  |  sub  r1, 0x6dcd
[0x017c, 0x25e2, 0x4703, 0x0009] z: 0  |  018:  0b31       |  dec  r3
[0x017c, 0x25e2, 0x4703, 0x0008] z: 0  |  019:  0f00 1000  |  jnz  0x0010
[0x017c, 0x25e2, 0x4703, 0x0008] z: 0  |  016:  0622 920b  |  sub  r2, 0x0b92
[0x017c, 0x25e2, 0x3b71, 0x0008] z: 0  |  017:  0612 cd6d  |  sub  r1, 0x6dcd
[0x017c, 0xb815, 0x3b71, 0x0008] z: 0  |  018:  0b31       |  dec  r3
[0x017c, 0xb815, 0x3b71, 0x0007] z: 0  |  019:  0f00 1000  |  jnz  0x0010
[0x017c, 0xb815, 0x3b71, 0x0007] z: 0  |  016:  0622 920b  |  sub  r2, 0x0b92
[0x017c, 0xb815, 0x2fdf, 0x0007] z: 0  |  017:  0612 cd6d  |  sub  r1, 0x6dcd
[0x017c, 0x4a48, 0x2fdf, 0x0007] z: 0  |  018:  0b31       |  dec  r3
[0x017c, 0x4a48, 0x2fdf, 0x0006] z: 0  |  019:  0f00 1000  |  jnz  0x0010
[0x017c, 0x4a48, 0x2fdf, 0x0006] z: 0  |  016:  0622 920b  |  sub  r2, 0x0b92
[0x017c, 0x4a48, 0x244d, 0x0006] z: 0  |  017:  0612 cd6d  |  sub  r1, 0x6dcd
[0x017c, 0xdc7b, 0x244d, 0x0006] z: 0  |  018:  0b31       |  dec  r3
[0x017c, 0xdc7b, 0x244d, 0x0005] z: 0  |  019:  0f00 1000  |  jnz  0x0010
[0x017c, 0xdc7b, 0x244d, 0x0005] z: 0  |  016:  0622 920b  |  sub  r2, 0x0b92
[0x017c, 0xdc7b, 0x18bb, 0x0005] z: 0  |  017:  0612 cd6d  |  sub  r1, 0x6dcd
[0x017c, 0x6eae, 0x18bb, 0x0005] z: 0  |  018:  0b31       |  dec  r3
[0x017c, 0x6eae, 0x18bb, 0x0004] z: 0  |  019:  0f00 1000  |  jnz  0x0010
[0x017c, 0x6eae, 0x18bb, 0x0004] z: 0  |  016:  0622 920b  |  sub  r2, 0x0b92
[0x017c, 0x6eae, 0x0d29, 0x0004] z: 0  |  017:  0612 cd6d  |  sub  r1, 0x6dcd
[0x017c, 0x00e1, 0x0d29, 0x0004] z: 0  |  018:  0b31       |  dec  r3
[0x017c, 0x00e1, 0x0d29, 0x0003] z: 0  |  019:  0f00 1000  |  jnz  0x0010
[0x017c, 0x00e1, 0x0d29, 0x0003] z: 0  |  016:  0622 920b  |  sub  r2, 0x0b92
[0x017c, 0x00e1, 0x0197, 0x0003] z: 0  |  017:  0612 cd6d  |  sub  r1, 0x6dcd
[0x017c, 0x9314, 0x0197, 0x0003] z: 0  |  018:  0b31       |  dec  r3
[0x017c, 0x9314, 0x0197, 0x0002] z: 0  |  019:  0f00 1000  |  jnz  0x0010
[0x017c, 0x9314, 0x0197, 0x0002] z: 0  |  016:  0622 920b  |  sub  r2, 0x0b92
[0x017c, 0x9314, 0xf605, 0x0002] z: 0  |  017:  0612 cd6d  |  sub  r1, 0x6dcd
[0x017c, 0x2547, 0xf605, 0x0002] z: 0  |  018:  0b31       |  dec  r3
[0x017c, 0x2547, 0xf605, 0x0001] z: 0  |  019:  0f00 1000  |  jnz  0x0010
[0x017c, 0x2547, 0xf605, 0x0001] z: 0  |  016:  0622 920b  |  sub  r2, 0x0b92
[0x017c, 0x2547, 0xea73, 0x0001] z: 0  |  017:  0612 cd6d  |  sub  r1, 0x6dcd
[0x017c, 0xb77a, 0xea73, 0x0001] z: 0  |  018:  0b31       |  dec  r3
[0x017c, 0xb77a, 0xea73, 0x0000] z: 1  |  019:  0f00 1000  |  jnz  0x0010
[0x017c, 0xb77a, 0xea73, 0x0000] z: 1  |  020:  0273       |  xor  r3, r1
[0x017c, 0xb77a, 0xea73, 0xb77a] z: 0  |  021:  0593       |  add  r1, r2
[0x017c, 0xa1ed, 0xea73, 0xb77a] z: 0  |  022:  06a3       |  sub  r2, r2
[0x017c, 0xa1ed, 0x0000, 0xb77a] z: 1  |  023:  0223       |  xor  r2, r0
[0x017c, 0xa1ed, 0x017c, 0xb77a] z: 0  |  024:  0022 2b9a  |  move r2, 0x9a2b
[0x017c, 0xa1ed, 0x9a2b, 0xb77a] z: 0  |  025:  0033       |  move r3, r0
[0x017c, 0xa1ed, 0x9a2b, 0x017c] z: 0  |  026:  0632 cb68  |  sub  r3, 0x68cb
[0x017c, 0xa1ed, 0x9a2b, 0x98b1] z: 0  |  027:  0083       |  move r0, r2
[0x9a2b, 0xa1ed, 0x9a2b, 0x98b1] z: 0  |  028:  0032 9a0b  |  move r3, 0x0b9a
[0x9a2b, 0xa1ed, 0x9a2b, 0x0b9a] z: 0  |  029:  0411       |  neg  r1
[0x9a2b, 0x5e12, 0x9a2b, 0x0b9a] z: 0  |  030:  0503       |  add  r0, r0
[0x3456, 0x5e12, 0x9a2b, 0x0b9a] z: 0  |  031:  0573       |  add  r3, r1
[0x3456, 0x5e12, 0x9a2b, 0x69ac] z: 0  |  032:  0632 8c94  |  sub  r3, 0x948c
[0x3456, 0x5e12, 0x9a2b, 0xd520] z: 0  |  033:  0303       |  and  r0, r0
[0x3456, 0x5e12, 0x9a2b, 0xd520] z: 0  |  034:  0032 fc18  |  move r3, 0x18fc
[0x3456, 0x5e12, 0x9a2b, 0x18fc] z: 0  |  035:  0722 a526  |  mult r2, 0x26a5
[0x3456, 0x5e12, 0xbfb7, 0x18fc] z: 0  |  036:  0312 89c0  |  and  r1, 0xc089
[0x3456, 0x4000, 0xbfb7, 0x18fc] z: 0  |  037:  01e3       |  or   r2, r3
[0x3456, 0x4000, 0xbfff, 0x18fc] z: 0  |  038:  0632 ee2d  |  sub  r3, 0x2dee
[0x3456, 0x4000, 0xbfff, 0xeb0e] z: 0  |  039:  0203       |  xor  r0, r0
[0x0000, 0x4000, 0xbfff, 0xeb0e] z: 1  |  040:  0283       |  xor  r0, r2
[0xbfff, 0x4000, 0xbfff, 0xeb0e] z: 0  |  041:  0143       |  or   r0, r1
[0xffff, 0x4000, 0xbfff, 0xeb0e] z: 0  |  042:  0343       |  and  r0, r1
[0x4000, 0x4000, 0xbfff, 0xeb0e] z: 0  |  043:  0122 9c4d  |  or   r2, 0x4d9c
[0x4000, 0x4000, 0xffff, 0xeb0e] z: 0  |  044:  0102 519c  |  or   r0, 0x9c51
[0xdc51, 0x4000, 0xffff, 0xeb0e] z: 0  |  045:  06f3       |  sub  r3, r3
[0xdc51, 0x4000, 0xffff, 0x0000] z: 1  |  046:  0832 0600  |  shl  r3, 0x0006
[0xdc51, 0x4000, 0xffff, 0x0000] z: 1  |  047:  0922 0500  |  shr  r2, 0x0005
[0xdc51, 0x4000, 0x07ff, 0x0000] z: 0  |  048:  0812 0600  |  shl  r1, 0x0006
[0xdc51, 0x0000, 0x07ff, 0x0000] z: 1  |  049:  0353       |  and  r1, r1
[0xdc51, 0x0000, 0x07ff, 0x0000]

reg0=dc51&reg1=0000&reg2=07ff&reg3=0000